#
# There is insufficient memory for the Java Runtime Environment to continue.
# Native memory allocation (mmap) failed to map 14680064 bytes for G1 virtual space
# Possible reasons:
#   The system is out of physical RAM or swap space
#   The process is running with CompressedOops enabled, and the Java Heap may be blocking the growth of the native heap
# Possible solutions:
#   Reduce memory load on the system
#   Increase physical memory or swap space
#   Check if swap backing store is full
#   Decrease Java heap size (-Xmx/-Xms)
#   Decrease number of Java threads
#   Decrease Java thread stack sizes (-Xss)
#   Set larger code cache with -XX:ReservedCodeCacheSize=
#   JVM is running with Unscaled Compressed Oops mode in which the Java heap is
#     placed in the first 4GB address space. The Java Heap base address is the
#     maximum limit for the native heap growth. Please use -XX:HeapBaseMinAddress
#     to set the Java Heap base and to place the Java Heap above 4GB virtual address.
# This output file may be truncated or incomplete.
#
#  Out of Memory Error (os_windows.cpp:3535), pid=14272, tid=10096
#
# JRE version: OpenJDK Runtime Environment Temurin-17.0.3+7 (17.0.3+7) (build 17.0.3+7)
# Java VM: OpenJDK 64-Bit Server VM Temurin-17.0.3+7 (17.0.3+7, mixed mode, tiered, compressed oops, compressed class ptrs, g1 gc, windows-amd64)
# No core dump will be written. Minidumps are not enabled by default on client versions of Windows
#

---------------  S U M M A R Y ------------

Command Line: -Dfile.encoding=UTF-8 --module-path=D:\Desktop\project\project_kiosk\src\ojdbc8.jar -XX:+ShowCodeDetailsInExceptionMessages com.team2.kiosk.OrderClient

Host: AMD FX(tm)-8300 Eight-Core Processor           , 8 cores, 3G,  Windows 7 , 64 bit Build 7601 (6.1.7601.23714)
Time: Sat Jul  2 15:24:43 2022 대한민국 표준시 elapsed time: 4.687360 seconds (0d 0h 0m 4s)

---------------  T H R E A D  ---------------

Current thread (0x0000000017f6fb60):  VMThread "VM Thread" [stack: 0x000000005bc40000,0x000000005bd40000] [id=10096]

Stack: [0x000000005bc40000,0x000000005bd40000]
Native frames: (J=compiled Java code, j=interpreted, Vv=VM code, C=native code)
V  [jvm.dll+0x675efa]
V  [jvm.dll+0x830a24]
V  [jvm.dll+0x8321ce]
V  [jvm.dll+0x832833]
V  [jvm.dll+0x2454b5]
V  [jvm.dll+0x672de9]
V  [jvm.dll+0x667732]
V  [jvm.dll+0x3043ab]
V  [jvm.dll+0x30b8f6]
V  [jvm.dll+0x35b62e]
V  [jvm.dll+0x35b85f]
V  [jvm.dll+0x2db248]
V  [jvm.dll+0x2d94fc]
V  [jvm.dll+0x2d8acc]
V  [jvm.dll+0x31ca2b]
V  [jvm.dll+0x836cdb]
V  [jvm.dll+0x837a14]
V  [jvm.dll+0x837f2c]
V  [jvm.dll+0x838304]
V  [jvm.dll+0x8383d0]
V  [jvm.dll+0x7e0cfa]
V  [jvm.dll+0x674d85]
C  [ucrtbase.DLL+0x1c1ae]
C  [kernel32.dll+0x159cd]
C  [ntdll.dll+0x2a561]

VM_Operation (0x000000000213e9f0): G1CollectForAllocation, mode: safepoint, requested by thread 0x00000000001c7d80


---------------  P R O C E S S  ---------------

Threads class SMR info:
_java_thread_list=0x000000005f186910, length=17, elements={
0x00000000001c7d80, 0x000000005b11db00, 0x000000005b11eb00, 0x000000005b1575a0,
0x000000005b157e60, 0x000000005b158720, 0x000000005b158fe0, 0x000000005b17cfb0,
0x000000005b17dcb0, 0x000000005b18ed70, 0x000000005c7d6fc0, 0x000000005ca907b0,
0x000000005cb67120, 0x000000005cb684b0, 0x000000005e88aee0, 0x000000005e88aa10,
0x000000005e88a540
}

Java Threads: ( => current thread )
  0x00000000001c7d80 JavaThread "main" [_thread_blocked, id=4100, stack(0x0000000002040000,0x0000000002140000)]
  0x000000005b11db00 JavaThread "Reference Handler" daemon [_thread_blocked, id=16808, stack(0x000000005bd70000,0x000000005be70000)]
  0x000000005b11eb00 JavaThread "Finalizer" daemon [_thread_blocked, id=13416, stack(0x000000005b2f0000,0x000000005b3f0000)]
  0x000000005b1575a0 JavaThread "Signal Dispatcher" daemon [_thread_blocked, id=15732, stack(0x000000005bed0000,0x000000005bfd0000)]
  0x000000005b157e60 JavaThread "Attach Listener" daemon [_thread_blocked, id=3164, stack(0x0000000018220000,0x0000000018320000)]
  0x000000005b158720 JavaThread "Service Thread" daemon [_thread_blocked, id=15376, stack(0x000000005c060000,0x000000005c160000)]
  0x000000005b158fe0 JavaThread "Monitor Deflation Thread" daemon [_thread_blocked, id=17248, stack(0x000000001adb0000,0x000000001aeb0000)]
  0x000000005b17cfb0 JavaThread "C2 CompilerThread0" daemon [_thread_blocked, id=16540, stack(0x000000005c220000,0x000000005c320000)]
  0x000000005b17dcb0 JavaThread "C1 CompilerThread0" daemon [_thread_blocked, id=15160, stack(0x000000005c460000,0x000000005c560000)]
  0x000000005b18ed70 JavaThread "Sweeper thread" daemon [_thread_blocked, id=3636, stack(0x000000005c670000,0x000000005c770000)]
  0x000000005c7d6fc0 JavaThread "Common-Cleaner" daemon [_thread_blocked, id=14804, stack(0x000000005cbb0000,0x000000005ccb0000)]
  0x000000005ca907b0 JavaThread "Notification Thread" daemon [_thread_blocked, id=16496, stack(0x000000005cf90000,0x000000005d090000)]
  0x000000005cb67120 JavaThread "Java2D Disposer" daemon [_thread_blocked, id=13900, stack(0x000000005d8f0000,0x000000005d9f0000)]
  0x000000005cb684b0 JavaThread "AWT-Windows" daemon [_thread_in_native, id=14620, stack(0x000000005da50000,0x000000005db50000)]
  0x000000005e88aee0 JavaThread "oracle.jdbc.driver.BlockSource.ThreadedCachingBlockSource.BlockReleaser" daemon [_thread_blocked, id=3968, stack(0x000000005ffe0000,0x00000000600e0000)]
  0x000000005e88aa10 JavaThread "InterruptTimer" daemon [_thread_blocked, id=15812, stack(0x0000000062400000,0x0000000062500000)]
  0x000000005e88a540 JavaThread "OJDBC-WORKER-THREAD-1" daemon [_thread_blocked, id=11184, stack(0x0000000062640000,0x0000000062740000)]

Other Threads:
=>0x0000000017f6fb60 VMThread "VM Thread" [stack: 0x000000005bc40000,0x000000005bd40000] [id=10096]
  0x000000005c87b3e0 WatcherThread [stack: 0x000000005cd20000,0x000000005ce20000] [id=16392]
  0x0000000000208cf0 GCTaskThread "GC Thread#0" [stack: 0x0000000017ff0000,0x00000000180f0000] [id=9592]
  0x000000005d7fbd80 GCTaskThread "GC Thread#1" [stack: 0x000000005f770000,0x000000005f870000] [id=12396]
  0x000000005eacddd0 GCTaskThread "GC Thread#2" [stack: 0x000000005c320000,0x000000005c420000] [id=15428]
  0x000000005ea0f520 GCTaskThread "GC Thread#3" [stack: 0x000000005e650000,0x000000005e750000] [id=15740]
  0x000000005d8886b0 GCTaskThread "GC Thread#4" [stack: 0x000000005f8e0000,0x000000005f9e0000] [id=15896]
  0x000000005d888960 GCTaskThread "GC Thread#5" [stack: 0x000000005fb20000,0x000000005fc20000] [id=14680]
  0x000000005d888c10 GCTaskThread "GC Thread#6" [stack: 0x000000005fd00000,0x000000005fe00000] [id=16308]
  0x000000005e807bf0 GCTaskThread "GC Thread#7" [stack: 0x00000000616c0000,0x00000000617c0000] [id=16548]
  0x0000000000212400 ConcurrentGCThread "G1 Main Marker" [stack: 0x0000000018120000,0x0000000018220000] [id=15192]
  0x0000000000214d20 ConcurrentGCThread "G1 Conc#0" [stack: 0x0000000018320000,0x0000000018420000] [id=17120]
  0x000000005e808150 ConcurrentGCThread "G1 Conc#1" [stack: 0x0000000061a00000,0x0000000061b00000] [id=304]
  0x0000000017ecea70 ConcurrentGCThread "G1 Refine#0" [stack: 0x000000001aca0000,0x000000001ada0000] [id=17172]
  0x0000000017ecf3a0 ConcurrentGCThread "G1 Service" [stack: 0x000000001aef0000,0x000000001aff0000] [id=16636]

Threads with active compile tasks:

VM state: at safepoint (normal execution)

VM Mutex/Monitor currently owned by a thread:  ([mutex/lock_event])
[0x00000000001c2fc0] Threads_lock - owner thread: 0x0000000017f6fb60
[0x00000000001c35f0] Heap_lock - owner thread: 0x00000000001c7d80

Heap address: 0x00000000c0a00000, size: 1014 MB, Compressed Oops mode: 32-bit

CDS archive(s) not mapped
Compressed class space mapped at: 0x000000001b000000-0x000000005b000000, reserved size: 1073741824
Narrow klass base: 0x0000000000000000, Narrow klass shift: 0, Narrow klass range: 0x5b000000

GC Precious Log:
 CPUs: 8 total, 8 available
 Memory: 4052M
 Large Page Support: Disabled
 NUMA Support: Disabled
 Compressed Oops: Enabled (32-bit)
 Heap Region Size: 1M
 Heap Min Capacity: 8M
 Heap Initial Capacity: 64M
 Heap Max Capacity: 1014M
 Pre-touch: Disabled
 Parallel Workers: 8
 Concurrent Workers: 2
 Concurrent Refinement Workers: 8
 Periodic GC: Disabled

Heap:
 garbage-first heap   total 65536K, used 30595K [0x00000000c0a00000, 0x0000000100000000)
  region size 1024K, 4 young (4096K), 4 survivors (4096K)
 Metaspace       used 28128K, committed 28352K, reserved 1081344K
  class space    used 2953K, committed 3072K, reserved 1048576K

Heap Regions: E=young(eden), S=young(survivor), O=old, HS=humongous(starts), HC=humongous(continues), CS=collection set, F=free, OA=open archive, CA=closed archive, TAMS=top-at-mark-start (previous, next)
|   0|0x00000000c0a00000, 0x00000000c0b00000, 0x00000000c0b00000|100%| O|  |TAMS 0x00000000c0b00000, 0x00000000c0a00000| Untracked 
|   1|0x00000000c0b00000, 0x00000000c0c00000, 0x00000000c0c00000|100%|HS|  |TAMS 0x00000000c0c00000, 0x00000000c0b00000| Complete 
|   2|0x00000000c0c00000, 0x00000000c0d00000, 0x00000000c0d00000|100%|HC|  |TAMS 0x00000000c0d00000, 0x00000000c0c00000| Complete 
|   3|0x00000000c0d00000, 0x00000000c0e00000, 0x00000000c0e00000|100%|HC|  |TAMS 0x00000000c0e00000, 0x00000000c0d00000| Complete 
|   4|0x00000000c0e00000, 0x00000000c0f00000, 0x00000000c0f00000|100%|HC|  |TAMS 0x00000000c0f00000, 0x00000000c0e00000| Complete 
|   5|0x00000000c0f00000, 0x00000000c1000000, 0x00000000c1000000|100%|HC|  |TAMS 0x00000000c1000000, 0x00000000c0f00000| Complete 
|   6|0x00000000c1000000, 0x00000000c1100000, 0x00000000c1100000|100%|HC|  |TAMS 0x00000000c1100000, 0x00000000c1000000| Complete 
|   7|0x00000000c1100000, 0x00000000c1200000, 0x00000000c1200000|100%|HC|  |TAMS 0x00000000c1200000, 0x00000000c1100000| Complete 
|   8|0x00000000c1200000, 0x00000000c1300000, 0x00000000c1300000|100%|HC|  |TAMS 0x00000000c1300000, 0x00000000c1200000| Complete 
|   9|0x00000000c1300000, 0x00000000c1400000, 0x00000000c1400000|100%|HS|  |TAMS 0x00000000c1400000, 0x00000000c1300000| Complete 
|  10|0x00000000c1400000, 0x00000000c1500000, 0x00000000c1500000|100%|HC|  |TAMS 0x00000000c1500000, 0x00000000c1400000| Complete 
|  11|0x00000000c1500000, 0x00000000c1600000, 0x00000000c1600000|100%|HC|  |TAMS 0x00000000c1600000, 0x00000000c1500000| Complete 
|  12|0x00000000c1600000, 0x00000000c1700000, 0x00000000c1700000|100%| O|  |TAMS 0x00000000c1700000, 0x00000000c1600000| Untracked 
|  13|0x00000000c1700000, 0x00000000c1800000, 0x00000000c1800000|100%| O|  |TAMS 0x00000000c1800000, 0x00000000c1700000| Untracked 
|  14|0x00000000c1800000, 0x00000000c1900000, 0x00000000c1900000|100%| O|  |TAMS 0x00000000c18ec200, 0x00000000c1800000| Untracked 
|  15|0x00000000c1900000, 0x00000000c1a00000, 0x00000000c1a00000|100%|HS|  |TAMS 0x00000000c1a00000, 0x00000000c1900000| Complete 
|  16|0x00000000c1a00000, 0x00000000c1b00000, 0x00000000c1b00000|100%| O|  |TAMS 0x00000000c1a00000, 0x00000000c1a00000| Untracked 
|  17|0x00000000c1b00000, 0x00000000c1c00000, 0x00000000c1c00000|100%| O|  |TAMS 0x00000000c1b00000, 0x00000000c1b00000| Untracked 
|  18|0x00000000c1c00000, 0x00000000c1d00000, 0x00000000c1d00000|100%| O|  |TAMS 0x00000000c1c00000, 0x00000000c1c00000| Untracked 
|  19|0x00000000c1d00000, 0x00000000c1e00000, 0x00000000c1e00000|100%| O|  |TAMS 0x00000000c1d00000, 0x00000000c1d00000| Untracked 
|  20|0x00000000c1e00000, 0x00000000c1f00000, 0x00000000c1f00000|100%| O|  |TAMS 0x00000000c1e00000, 0x00000000c1e00000| Untracked 
|  21|0x00000000c1f00000, 0x00000000c2000000, 0x00000000c2000000|100%| O|  |TAMS 0x00000000c1f00000, 0x00000000c1f00000| Untracked 
|  22|0x00000000c2000000, 0x00000000c2100000, 0x00000000c2100000|100%| O|  |TAMS 0x00000000c2000000, 0x00000000c2000000| Untracked 
|  23|0x00000000c2100000, 0x00000000c2200000, 0x00000000c2200000|100%| O|  |TAMS 0x00000000c2100000, 0x00000000c2100000| Untracked 
|  24|0x00000000c2200000, 0x00000000c2300000, 0x00000000c2300000|100%| O|  |TAMS 0x00000000c2200000, 0x00000000c2200000| Untracked 
|  25|0x00000000c2300000, 0x00000000c2400000, 0x00000000c2400000|100%| O|  |TAMS 0x00000000c2300000, 0x00000000c2300000| Untracked 
|  26|0x00000000c2400000, 0x00000000c2469200, 0x00000000c2500000| 41%| O|  |TAMS 0x00000000c2400000, 0x00000000c2400000| Untracked 
|  27|0x00000000c2500000, 0x00000000c2500000, 0x00000000c2600000|  0%| F|  |TAMS 0x00000000c2500000, 0x00000000c2500000| Untracked 
|  28|0x00000000c2600000, 0x00000000c2600000, 0x00000000c2700000|  0%| F|  |TAMS 0x00000000c2600000, 0x00000000c2600000| Untracked 
|  29|0x00000000c2700000, 0x00000000c2700000, 0x00000000c2800000|  0%| F|  |TAMS 0x00000000c2700000, 0x00000000c2700000| Untracked 
|  30|0x00000000c2800000, 0x00000000c2800000, 0x00000000c2900000|  0%| F|  |TAMS 0x00000000c2800000, 0x00000000c2800000| Untracked 
|  31|0x00000000c2900000, 0x00000000c2900000, 0x00000000c2a00000|  0%| F|  |TAMS 0x00000000c2900000, 0x00000000c2900000| Untracked 
|  32|0x00000000c2a00000, 0x00000000c2a00000, 0x00000000c2b00000|  0%| F|  |TAMS 0x00000000c2a00000, 0x00000000c2a00000| Untracked 
|  33|0x00000000c2b00000, 0x00000000c2b00000, 0x00000000c2c00000|  0%| F|  |TAMS 0x00000000c2b00000, 0x00000000c2b00000| Untracked 
|  34|0x00000000c2c00000, 0x00000000c2c77b80, 0x00000000c2d00000| 46%| S|CS|TAMS 0x00000000c2c00000, 0x00000000c2c00000| Complete 
|  35|0x00000000c2d00000, 0x00000000c2d00000, 0x00000000c2e00000|  0%| F|  |TAMS 0x00000000c2d00000, 0x00000000c2d00000| Untracked 
|  36|0x00000000c2e00000, 0x00000000c2e00000, 0x00000000c2f00000|  0%| F|  |TAMS 0x00000000c2e00000, 0x00000000c2e00000| Untracked 
|  37|0x00000000c2f00000, 0x00000000c2f00000, 0x00000000c3000000|  0%| F|  |TAMS 0x00000000c2f00000, 0x00000000c2f00000| Untracked 
|  38|0x00000000c3000000, 0x00000000c3000000, 0x00000000c3100000|  0%| F|  |TAMS 0x00000000c3000000, 0x00000000c3000000| Untracked 
|  39|0x00000000c3100000, 0x00000000c3200000, 0x00000000c3200000|100%| S|CS|TAMS 0x00000000c3100000, 0x00000000c3100000| Complete 
|  40|0x00000000c3200000, 0x00000000c3300000, 0x00000000c3300000|100%| S|CS|TAMS 0x00000000c3200000, 0x00000000c3200000| Complete 
|  41|0x00000000c3300000, 0x00000000c3400000, 0x00000000c3400000|100%| S|CS|TAMS 0x00000000c3300000, 0x00000000c3300000| Complete 
|  42|0x00000000c3400000, 0x00000000c3400000, 0x00000000c3500000|  0%| F|  |TAMS 0x00000000c3400000, 0x00000000c3400000| Untracked 
|  43|0x00000000c3500000, 0x00000000c3500000, 0x00000000c3600000|  0%| F|  |TAMS 0x00000000c3500000, 0x00000000c3500000| Untracked 
|  44|0x00000000c3600000, 0x00000000c3600000, 0x00000000c3700000|  0%| F|  |TAMS 0x00000000c3600000, 0x00000000c3600000| Untracked 
|  45|0x00000000c3700000, 0x00000000c3700000, 0x00000000c3800000|  0%| F|  |TAMS 0x00000000c3700000, 0x00000000c3700000| Untracked 
|  46|0x00000000c3800000, 0x00000000c3800000, 0x00000000c3900000|  0%| F|  |TAMS 0x00000000c3800000, 0x00000000c3800000| Untracked 
|  47|0x00000000c3900000, 0x00000000c3900000, 0x00000000c3a00000|  0%| F|  |TAMS 0x00000000c3900000, 0x00000000c3900000| Untracked 
|  48|0x00000000c3a00000, 0x00000000c3a00000, 0x00000000c3b00000|  0%| F|  |TAMS 0x00000000c3a00000, 0x00000000c3a00000| Untracked 
|  49|0x00000000c3b00000, 0x00000000c3b00000, 0x00000000c3c00000|  0%| F|  |TAMS 0x00000000c3b00000, 0x00000000c3b00000| Untracked 
|  50|0x00000000c3c00000, 0x00000000c3c00000, 0x00000000c3d00000|  0%| F|  |TAMS 0x00000000c3c00000, 0x00000000c3c00000| Untracked 
|  51|0x00000000c3d00000, 0x00000000c3d00000, 0x00000000c3e00000|  0%| F|  |TAMS 0x00000000c3d00000, 0x00000000c3d00000| Untracked 
|  52|0x00000000c3e00000, 0x00000000c3e00000, 0x00000000c3f00000|  0%| F|  |TAMS 0x00000000c3e00000, 0x00000000c3e00000| Untracked 
|  53|0x00000000c3f00000, 0x00000000c3f00000, 0x00000000c4000000|  0%| F|  |TAMS 0x00000000c3f00000, 0x00000000c3f00000| Untracked 
|  54|0x00000000c4000000, 0x00000000c4000000, 0x00000000c4100000|  0%| F|  |TAMS 0x00000000c4000000, 0x00000000c4000000| Untracked 
|  55|0x00000000c4100000, 0x00000000c4100000, 0x00000000c4200000|  0%| F|  |TAMS 0x00000000c4100000, 0x00000000c4100000| Untracked 
|  56|0x00000000c4200000, 0x00000000c4200000, 0x00000000c4300000|  0%| F|  |TAMS 0x00000000c4200000, 0x00000000c4200000| Untracked 
|  57|0x00000000c4300000, 0x00000000c4300000, 0x00000000c4400000|  0%| F|  |TAMS 0x00000000c4300000, 0x00000000c4300000| Untracked 
|  58|0x00000000c4400000, 0x00000000c4400000, 0x00000000c4500000|  0%| F|  |TAMS 0x00000000c4400000, 0x00000000c4400000| Untracked 
|  59|0x00000000c4500000, 0x00000000c4500000, 0x00000000c4600000|  0%| F|  |TAMS 0x00000000c4500000, 0x00000000c4500000| Untracked 
|  60|0x00000000c4600000, 0x00000000c4600000, 0x00000000c4700000|  0%| F|  |TAMS 0x00000000c4600000, 0x00000000c4600000| Untracked 
|  61|0x00000000c4700000, 0x00000000c4700000, 0x00000000c4800000|  0%| F|  |TAMS 0x00000000c4700000, 0x00000000c4700000| Untracked 
|  62|0x00000000c4800000, 0x00000000c4800000, 0x00000000c4900000|  0%| F|  |TAMS 0x00000000c4800000, 0x00000000c4800000| Untracked 
|  63|0x00000000c4900000, 0x00000000c4900000, 0x00000000c4a00000|  0%| F|  |TAMS 0x00000000c4900000, 0x00000000c4900000| Untracked 

Card table byte_map: [0x0000000015ab0000,0x0000000015cb0000] _byte_map_base: 0x00000000154ab000

Marking Bits (Prev, Next): (CMBitMap*) 0x0000000000209250, (CMBitMap*) 0x0000000000209210
 Prev Bits: [0x0000000016e90000, 0x0000000017e68000)
 Next Bits: [0x0000000015eb0000, 0x0000000016e88000)

Polling page: 0x0000000000420000

Metaspace:

Usage:
  Non-class:     24.59 MB used.
      Class:      2.88 MB used.
       Both:     27.47 MB used.

Virtual space:
  Non-class space:       32.00 MB reserved,      24.69 MB ( 77%) committed,  4 nodes.
      Class space:        1.00 GB reserved,       3.00 MB ( <1%) committed,  1 nodes.
             Both:        1.03 GB reserved,      27.69 MB (  3%) committed. 

Chunk freelists:
   Non-Class:  2.47 MB
       Class:  1.01 MB
        Both:  3.48 MB

MaxMetaspaceSize: unlimited
CompressedClassSpaceSize: 1.00 GB
Initial GC threshold: 21.00 MB
Current GC threshold: 35.44 MB
CDS: off
MetaspaceReclaimPolicy: balanced
 - commit_granule_bytes: 65536.
 - commit_granule_words: 8192.
 - virtual_space_node_default_size: 1048576.
 - enlarge_chunks_in_place: 1.
 - new_chunks_are_fully_committed: 0.
 - uncommit_free_chunks: 1.
 - use_allocation_guard: 0.
 - handle_deallocations: 1.


Internal statistics:

num_allocs_failed_limit: 5.
num_arena_births: 178.
num_arena_deaths: 0.
num_vsnodes_births: 5.
num_vsnodes_deaths: 0.
num_space_committed: 443.
num_space_uncommitted: 0.
num_chunks_returned_to_freelist: 5.
num_chunks_taken_from_freelist: 559.
num_chunk_merges: 0.
num_chunk_splits: 365.
num_chunks_enlarged: 261.
num_purges: 0.
num_inconsistent_stats: 0.

CodeHeap 'non-profiled nmethods': size=120000Kb used=1049Kb max_used=1049Kb free=118950Kb
 bounds [0x000000000da10000, 0x000000000dc80000, 0x0000000014f40000]
CodeHeap 'profiled nmethods': size=120000Kb used=4463Kb max_used=4463Kb free=115537Kb
 bounds [0x00000000064e0000, 0x0000000006940000, 0x000000000da10000]
CodeHeap 'non-nmethods': size=5760Kb used=1349Kb max_used=1369Kb free=4410Kb
 bounds [0x0000000005f40000, 0x00000000061b0000, 0x00000000064e0000]
 total_blobs=3050 nmethods=2357 adapters=606
 compilation: enabled
              stopped_count=0, restarted_count=0
 full_count=0

Compilation events (20 events):
Event: 4.606 Thread 0x000000005b17dcb0 nmethod 2355 0x0000000006939c10 code [0x0000000006939dc0, 0x0000000006939f78]
Event: 4.606 Thread 0x000000005b17dcb0 2356       3       java.awt.geom.RectangularShape::<init> (5 bytes)
Event: 4.606 Thread 0x000000005b17dcb0 nmethod 2356 0x000000000693a090 code [0x000000000693a220, 0x000000000693a378]
Event: 4.612 Thread 0x000000005b17cfb0 nmethod 2352 0x000000000db13390 code [0x000000000db13540, 0x000000000db13b18]
Event: 4.612 Thread 0x000000005b17cfb0 2357       4       sun.awt.image.ByteInterleavedRaster::getDataElements (15 bytes)
Event: 4.613 Thread 0x000000005b17cfb0 nmethod 2357 0x000000000db14110 code [0x000000000db142a0, 0x000000000db14368]
Event: 4.613 Thread 0x000000005b17cfb0 2349       4       java.awt.image.BufferedImage::getSampleModel (8 bytes)
Event: 4.613 Thread 0x000000005b17cfb0 nmethod 2349 0x000000000db14490 code [0x000000000db14600, 0x000000000db14678]
Event: 4.613 Thread 0x000000005b17cfb0 2350       4       com.sun.imageio.plugins.png.PNGImageReader::updateImageProgress (30 bytes)
Event: 4.614 Thread 0x000000005b17cfb0 nmethod 2350 0x000000000db14790 code [0x000000000db14920, 0x000000000db149d8]
Event: 4.614 Thread 0x000000005b17cfb0 2351       4       sun.awt.image.ByteInterleavedRaster::setRect (187 bytes)
Event: 4.620 Thread 0x000000005b17dcb0 2360       1       java.awt.image.ColorModel::hasAlpha (5 bytes)
Event: 4.620 Thread 0x000000005b17dcb0 nmethod 2360 0x000000000db14a90 code [0x000000000db14c20, 0x000000000db14cf8]
Event: 4.621 Thread 0x000000005b17dcb0 2361  s    3       java.awt.Toolkit::getDefaultToolkit (53 bytes)
Event: 4.622 Thread 0x000000005b17dcb0 nmethod 2361 0x000000000693a410 code [0x000000000693a700, 0x000000000693b768]
Event: 4.623 Thread 0x000000005b17cfb0 nmethod 2351 0x000000000db14d90 code [0x000000000db14f40, 0x000000000db155d8]
Event: 4.623 Thread 0x000000005b17cfb0 2359       4       java.util.HashMap::getNode (150 bytes)
Event: 4.626 Thread 0x000000005b17cfb0 nmethod 2359 0x000000000db15c90 code [0x000000000db15e20, 0x000000000db160f8]
Event: 4.626 Thread 0x000000005b17cfb0 2358       4       javax.imageio.ImageReader::processImageProgress (56 bytes)
Event: 4.627 Thread 0x000000005b17cfb0 nmethod 2358 0x000000000db16390 code [0x000000000db16500, 0x000000000db16598]

GC Heap History (13 events):
Event: 2.171 GC heap before
{Heap before GC invocations=0 (full 0):
 garbage-first heap   total 65536K, used 22528K [0x00000000c0a00000, 0x0000000100000000)
  region size 1024K, 23 young (23552K), 0 survivors (0K)
 Metaspace       used 12085K, committed 12288K, reserved 1064960K
  class space    used 1131K, committed 1216K, reserved 1048576K
}
Event: 2.182 GC heap after
{Heap after GC invocations=1 (full 0):
 garbage-first heap   total 65536K, used 3948K [0x00000000c0a00000, 0x0000000100000000)
  region size 1024K, 3 young (3072K), 3 survivors (3072K)
 Metaspace       used 12085K, committed 12288K, reserved 1064960K
  class space    used 1131K, committed 1216K, reserved 1048576K
}
Event: 2.834 GC heap before
{Heap before GC invocations=1 (full 0):
 garbage-first heap   total 65536K, used 40812K [0x00000000c0a00000, 0x0000000100000000)
  region size 1024K, 29 young (29696K), 3 survivors (3072K)
 Metaspace       used 14438K, committed 14656K, reserved 1064960K
  class space    used 1383K, committed 1472K, reserved 1048576K
}
Event: 2.841 GC heap after
{Heap after GC invocations=2 (full 0):
 garbage-first heap   total 65536K, used 15973K [0x00000000c0a00000, 0x0000000100000000)
  region size 1024K, 1 young (1024K), 1 survivors (1024K)
 Metaspace       used 14438K, committed 14656K, reserved 1064960K
  class space    used 1383K, committed 1472K, reserved 1048576K
}
Event: 2.891 GC heap before
{Heap before GC invocations=2 (full 0):
 garbage-first heap   total 65536K, used 42597K [0x00000000c0a00000, 0x0000000100000000)
  region size 1024K, 27 young (27648K), 1 survivors (1024K)
 Metaspace       used 14438K, committed 14656K, reserved 1064960K
  class space    used 1383K, committed 1472K, reserved 1048576K
}
Event: 2.892 GC heap after
{Heap after GC invocations=3 (full 0):
 garbage-first heap   total 65536K, used 15769K [0x00000000c0a00000, 0x0000000100000000)
  region size 1024K, 1 young (1024K), 1 survivors (1024K)
 Metaspace       used 14438K, committed 14656K, reserved 1064960K
  class space    used 1383K, committed 1472K, reserved 1048576K
}
Event: 3.452 GC heap before
{Heap before GC invocations=3 (full 0):
 garbage-first heap   total 65536K, used 42393K [0x00000000c0a00000, 0x0000000100000000)
  region size 1024K, 28 young (28672K), 1 survivors (1024K)
 Metaspace       used 21373K, committed 21504K, reserved 1073152K
  class space    used 2105K, committed 2176K, reserved 1048576K
}
Event: 3.456 GC heap after
{Heap after GC invocations=4 (full 0):
 garbage-first heap   total 65536K, used 18809K [0x00000000c0a00000, 0x0000000100000000)
  region size 1024K, 3 young (3072K), 3 survivors (3072K)
 Metaspace       used 21373K, committed 21504K, reserved 1073152K
  class space    used 2105K, committed 2176K, reserved 1048576K
}
Event: 4.388 GC heap before
{Heap before GC invocations=5 (full 0):
 garbage-first heap   total 65536K, used 48505K [0x00000000c0a00000, 0x0000000100000000)
  region size 1024K, 33 young (33792K), 3 survivors (3072K)
 Metaspace       used 28094K, committed 28352K, reserved 1081344K
  class space    used 2953K, committed 3072K, reserved 1048576K
}
Event: 4.394 GC heap after
{Heap after GC invocations=6 (full 0):
 garbage-first heap   total 65536K, used 22625K [0x00000000c0a00000, 0x0000000100000000)
  region size 1024K, 5 young (5120K), 5 survivors (5120K)
 Metaspace       used 28094K, committed 28352K, reserved 1081344K
  class space    used 2953K, committed 3072K, reserved 1048576K
}
Event: 4.524 GC heap before
{Heap before GC invocations=6 (full 0):
 garbage-first heap   total 65536K, used 47201K [0x00000000c0a00000, 0x0000000100000000)
  region size 1024K, 30 young (30720K), 5 survivors (5120K)
 Metaspace       used 28113K, committed 28352K, reserved 1081344K
  class space    used 2953K, committed 3072K, reserved 1048576K
}
Event: 4.532 GC heap after
{Heap after GC invocations=7 (full 0):
 garbage-first heap   total 65536K, used 26491K [0x00000000c0a00000, 0x0000000100000000)
  region size 1024K, 4 young (4096K), 4 survivors (4096K)
 Metaspace       used 28113K, committed 28352K, reserved 1081344K
  class space    used 2953K, committed 3072K, reserved 1048576K
}
Event: 4.632 GC heap before
{Heap before GC invocations=7 (full 0):
 garbage-first heap   total 65536K, used 47995K [0x00000000c0a00000, 0x0000000100000000)
  region size 1024K, 26 young (26624K), 4 survivors (4096K)
 Metaspace       used 28128K, committed 28352K, reserved 1081344K
  class space    used 2953K, committed 3072K, reserved 1048576K
}

Deoptimization events (20 events):
Event: 4.347 Thread 0x00000000001c7d80 DEOPT PACKING pc=0x00000000068f8fec sp=0x000000000213ec70
Event: 4.347 Thread 0x00000000001c7d80 DEOPT UNPACKING pc=0x0000000005f92b43 sp=0x000000000213e138 mode 0
Event: 4.347 Thread 0x00000000001c7d80 DEOPT PACKING pc=0x00000000068f8fec sp=0x000000000213ec70
Event: 4.347 Thread 0x00000000001c7d80 DEOPT UNPACKING pc=0x0000000005f92b43 sp=0x000000000213e138 mode 0
Event: 4.347 Thread 0x00000000001c7d80 DEOPT PACKING pc=0x00000000068f8fec sp=0x000000000213ec70
Event: 4.347 Thread 0x00000000001c7d80 DEOPT UNPACKING pc=0x0000000005f92b43 sp=0x000000000213e138 mode 0
Event: 4.347 Thread 0x00000000001c7d80 DEOPT PACKING pc=0x00000000068f8fec sp=0x000000000213ec70
Event: 4.347 Thread 0x00000000001c7d80 DEOPT UNPACKING pc=0x0000000005f92b43 sp=0x000000000213e138 mode 0
Event: 4.348 Thread 0x00000000001c7d80 DEOPT PACKING pc=0x00000000068f8fec sp=0x000000000213ec70
Event: 4.348 Thread 0x00000000001c7d80 DEOPT UNPACKING pc=0x0000000005f92b43 sp=0x000000000213e138 mode 0
Event: 4.348 Thread 0x00000000001c7d80 DEOPT PACKING pc=0x00000000068f8fec sp=0x000000000213ec70
Event: 4.348 Thread 0x00000000001c7d80 DEOPT UNPACKING pc=0x0000000005f92b43 sp=0x000000000213e138 mode 0
Event: 4.348 Thread 0x00000000001c7d80 DEOPT PACKING pc=0x00000000068f8fec sp=0x000000000213ec70
Event: 4.348 Thread 0x00000000001c7d80 DEOPT UNPACKING pc=0x0000000005f92b43 sp=0x000000000213e138 mode 0
Event: 4.348 Thread 0x00000000001c7d80 DEOPT PACKING pc=0x00000000068f8fec sp=0x000000000213ec70
Event: 4.348 Thread 0x00000000001c7d80 DEOPT UNPACKING pc=0x0000000005f92b43 sp=0x000000000213e138 mode 0
Event: 4.348 Thread 0x00000000001c7d80 DEOPT PACKING pc=0x00000000068f8fec sp=0x000000000213ec70
Event: 4.348 Thread 0x00000000001c7d80 DEOPT UNPACKING pc=0x0000000005f92b43 sp=0x000000000213e138 mode 0
Event: 4.348 Thread 0x00000000001c7d80 DEOPT PACKING pc=0x00000000068f8fec sp=0x000000000213ec70
Event: 4.348 Thread 0x00000000001c7d80 DEOPT UNPACKING pc=0x0000000005f92b43 sp=0x000000000213e138 mode 0

Classes unloaded (0 events):
No events

Classes redefined (0 events):
No events

Internal exceptions (20 events):
Event: 2.526 Thread 0x00000000001c7d80 Implicit null exception at 0x000000000da4db0f to 0x000000000da4db81
Event: 3.029 Thread 0x00000000001c7d80 Exception <a 'java/lang/NoSuchMethodError'{0x00000000c3813098}: 'void java.lang.invoke.DirectMethodHandle$Holder.invokeStaticInit(java.lang.Object)'> (0x00000000c3813098) 
thrown [e:\jenkins\tmp\workspace\build\src\src\hotspot\share\interpreter\linkResolver.cpp, line 766]
Event: 3.074 Thread 0x00000000001c7d80 Exception <a 'java/lang/NoSuchMethodError'{0x00000000c383e500}: 'int java.lang.invoke.DirectMethodHandle$Holder.invokeInterface(java.lang.Object, java.lang.Object)'> (0x00000000c383e500) 
thrown [e:\jenkins\tmp\workspace\build\src\src\hotspot\share\interpreter\linkResolver.cpp, line 766]
Event: 3.074 Thread 0x00000000001c7d80 Exception <a 'java/lang/IncompatibleClassChangeError'{0x00000000c38419e8}: Found class java.lang.Object, but interface was expected> (0x00000000c38419e8) 
thrown [e:\jenkins\tmp\workspace\build\src\src\hotspot\share\interpreter\linkResolver.cpp, line 833]
Event: 3.125 Thread 0x00000000001c7d80 Exception <a 'java/lang/NoSuchMethodError'{0x00000000c38d4a38}: 'int java.lang.invoke.DirectMethodHandle$Holder.invokeSpecial(java.lang.Object, java.lang.Object, java.lang.Object)'> (0x00000000c38d4a38) 
thrown [e:\jenkins\tmp\workspace\build\src\src\hotspot\share\interpreter\linkResolver.cpp, line 766]
Event: 3.186 Thread 0x00000000001c7d80 Exception <a 'java/lang/NoSuchMethodError'{0x00000000c37b0888}: 'void java.lang.invoke.DirectMethodHandle$Holder.invokeStatic(java.lang.Object, java.lang.Object, java.lang.Object)'> (0x00000000c37b0888) 
thrown [e:\jenkins\tmp\workspace\build\src\src\hotspot\share\interpreter\linkResolver.cpp, line 766]
Event: 3.251 Thread 0x00000000001c7d80 Exception <a 'java/lang/NoClassDefFoundError'{0x00000000c3592af8}: oracle/security/pki/OraclePKIProvider> (0x00000000c3592af8) 
thrown [e:\jenkins\tmp\workspace\build\src\src\hotspot\share\classfile\systemDictionary.cpp, line 245]
Event: 3.374 Thread 0x00000000001c7d80 Exception <a 'java/lang/NoSuchMethodError'{0x00000000c31be348}: 'int java.lang.invoke.DirectMethodHandle$Holder.invokeStaticInit(java.lang.Object, java.lang.Object, java.lang.Object, java.lang.Object)'> (0x00000000c31be348) 
thrown [e:\jenkins\tmp\workspace\build\src\src\hotspot\share\interpreter\linkResolver.cpp, line 766]
Event: 3.374 Thread 0x00000000001c7d80 Exception <a 'java/lang/IncompatibleClassChangeError'{0x00000000c31c7148}: Found class java.lang.Object, but interface was expected> (0x00000000c31c7148) 
thrown [e:\jenkins\tmp\workspace\build\src\src\hotspot\share\interpreter\linkResolver.cpp, line 833]
Event: 3.375 Thread 0x00000000001c7d80 Exception <a 'java/lang/NoSuchMethodError'{0x00000000c31c9d98}: 'void java.lang.invoke.DirectMethodHandle$Holder.invokeStaticInit(java.lang.Object, java.lang.Object)'> (0x00000000c31c9d98) 
thrown [e:\jenkins\tmp\workspace\build\src\src\hotspot\share\interpreter\linkResolver.cpp, line 766]
Event: 3.375 Thread 0x00000000001c7d80 Exception <a 'java/lang/NoSuchMethodError'{0x00000000c31cf8b8}: 'int java.lang.invoke.DirectMethodHandle$Holder.invokeStaticInit(java.lang.Object, java.lang.Object)'> (0x00000000c31cf8b8) 
thrown [e:\jenkins\tmp\workspace\build\src\src\hotspot\share\interpreter\linkResolver.cpp, line 766]
Event: 3.383 Thread 0x00000000001c7d80 Exception <a 'sun/nio/fs/WindowsException'{0x00000000c31f8c20}> (0x00000000c31f8c20) 
thrown [e:\jenkins\tmp\workspace\build\src\src\hotspot\share\prims\jni.cpp, line 516]
Event: 3.399 Thread 0x00000000001c7d80 Exception <a 'java/lang/NoClassDefFoundError'{0x00000000c3069360}: oracle/dms/console/DMSConsole> (0x00000000c3069360) 
thrown [e:\jenkins\tmp\workspace\build\src\src\hotspot\share\classfile\systemDictionary.cpp, line 245]
Event: 3.400 Thread 0x00000000001c7d80 Exception <a 'java/lang/reflect/InvocationTargetException'{0x00000000c3069630}> (0x00000000c3069630) 
thrown [e:\jenkins\tmp\workspace\build\src\src\hotspot\share\runtime\reflection.cpp, line 1121]
Event: 3.421 Thread 0x00000000001c7d80 Exception <a 'java/lang/NoSuchMethodError'{0x00000000c2e26600}: 'int java.lang.invoke.DirectMethodHandle$Holder.invokeSpecialIFC(java.lang.Object, java.lang.Object, java.lang.Object, java.lang.Object)'> (0x00000000c2e26600) 
thrown [e:\jenkins\tmp\workspace\build\src\src\hotspot\share\interpreter\linkResolver.cpp, line 766]
Event: 3.439 Thread 0x00000000001c7d80 Exception <a 'java/lang/NoSuchMethodError'{0x00000000c2e6dca8}: 'java.lang.Object java.lang.invoke.DirectMethodHandle$Holder.invokeStaticInit(java.lang.Object, int, int, int, int)'> (0x00000000c2e6dca8) 
thrown [e:\jenkins\tmp\workspace\build\src\src\hotspot\share\interpreter\linkResolver.cpp, line 766]
Event: 3.541 Thread 0x00000000001c7d80 Exception <a 'java/lang/NoSuchMethodError'{0x00000000c49da6d0}: 'java.lang.Object java.lang.invoke.DirectMethodHandle$Holder.invokeStaticInit(java.lang.Object, java.lang.Object, int, int, int, int)'> (0x00000000c49da6d0) 
thrown [e:\jenkins\tmp\workspace\build\src\src\hotspot\share\interpreter\linkResolver.cpp, line 766]
Event: 3.759 Thread 0x00000000001c7d80 Exception <a 'java/lang/NoSuchMethodError'{0x00000000c47d7950}: 'int java.lang.invoke.DirectMethodHandle$Holder.invokeSpecialIFC(java.lang.Object, java.lang.Object, java.lang.Object)'> (0x00000000c47d7950) 
thrown [e:\jenkins\tmp\workspace\build\src\src\hotspot\share\interpreter\linkResolver.cpp, line 766]
Event: 3.819 Thread 0x00000000001c7d80 Exception <a 'java/lang/NoSuchMethodError'{0x00000000c4654820}: 'java.lang.Object java.lang.invoke.DirectMethodHandle$Holder.invokeVirtual(java.lang.Object, java.lang.Object, int)'> (0x00000000c4654820) 
thrown [e:\jenkins\tmp\workspace\build\src\src\hotspot\share\interpreter\linkResolver.cpp, line 766]
Event: 4.056 Thread 0x00000000001c7d80 Implicit null exception at 0x000000000dae74cc to 0x000000000dae7c68

VM Operations (20 events):
Event: 3.456 Executing VM operation: CollectForMetadataAllocation done
Event: 3.456 Executing VM operation: CollectForMetadataAllocation
Event: 3.456 Executing VM operation: CollectForMetadataAllocation done
Event: 3.460 Executing VM operation: HandshakeAllThreads
Event: 3.460 Executing VM operation: HandshakeAllThreads done
Event: 3.462 Executing VM operation: G1Concurrent
Event: 3.463 Executing VM operation: G1Concurrent done
Event: 3.465 Executing VM operation: G1Concurrent
Event: 3.465 Executing VM operation: G1Concurrent done
Event: 3.578 Executing VM operation: HandshakeAllThreads
Event: 3.578 Executing VM operation: HandshakeAllThreads done
Event: 3.597 Executing VM operation: HandshakeAllThreads
Event: 3.598 Executing VM operation: HandshakeAllThreads done
Event: 3.600 Executing VM operation: HandshakeAllThreads
Event: 3.600 Executing VM operation: HandshakeAllThreads done
Event: 4.387 Executing VM operation: G1CollectForAllocation
Event: 4.394 Executing VM operation: G1CollectForAllocation done
Event: 4.524 Executing VM operation: G1CollectForAllocation
Event: 4.532 Executing VM operation: G1CollectForAllocation done
Event: 4.631 Executing VM operation: G1CollectForAllocation

Events (20 events):
Event: 4.278 loading class java/time/temporal/TemporalQueries$4
Event: 4.278 loading class java/time/temporal/TemporalQueries$4 done
Event: 4.278 loading class java/time/temporal/TemporalQueries$5
Event: 4.278 loading class java/time/temporal/TemporalQueries$5 done
Event: 4.278 loading class java/time/temporal/TemporalQueries$6
Event: 4.278 loading class java/time/temporal/TemporalQueries$6 done
Event: 4.278 loading class java/time/temporal/TemporalQueries$7
Event: 4.278 loading class java/time/temporal/TemporalQueries$7 done
Event: 4.293 loading class java/math/MathContext
Event: 4.293 loading class java/math/MathContext done
Event: 4.293 loading class java/math/RoundingMode
Event: 4.294 loading class java/math/RoundingMode done
Event: 4.301 loading class com/sun/imageio/plugins/gif/GIFImageReader
Event: 4.302 loading class com/sun/imageio/plugins/gif/GIFImageReader done
Event: 4.302 loading class com/sun/imageio/plugins/gif/GIFStreamMetadata
Event: 4.302 loading class com/sun/imageio/plugins/gif/GIFMetadata
Event: 4.302 loading class com/sun/imageio/plugins/gif/GIFMetadata done
Event: 4.302 loading class com/sun/imageio/plugins/gif/GIFStreamMetadata done
Event: 4.302 loading class com/sun/imageio/plugins/gif/GIFImageMetadata
Event: 4.303 loading class com/sun/imageio/plugins/gif/GIFImageMetadata done


Dynamic libraries:
0x000000013f930000 - 0x000000013f93e000 	D:\Desktop\eclipse-jee-2022-06-R-win32-x86_64\eclipse\plugins\org.eclipse.justj.openjdk.hotspot.jre.full.win32.x86_64_17.0.3.v20220515-1416\jre\bin\javaw.exe
0x00000000777f0000 - 0x000000007799a000 	C:\Windows\SYSTEM32\ntdll.dll
0x00000000775d0000 - 0x00000000776ef000 	C:\Windows\system32\kernel32.dll
0x000007fefd540000 - 0x000007fefd5aa000 	C:\Windows\system32\KERNELBASE.dll
0x000007fef5600000 - 0x000007fef5618000 	D:\Desktop\eclipse-jee-2022-06-R-win32-x86_64\eclipse\plugins\org.eclipse.justj.openjdk.hotspot.jre.full.win32.x86_64_17.0.3.v20220515-1416\jre\bin\jli.dll
0x000007fefb710000 - 0x000007fefb904000 	C:\Windows\WinSxS\amd64_microsoft.windows.common-controls_6595b64144ccf1df_6.0.7601.23403_none_e36ad4593102f066\COMCTL32.dll
0x000007feff550000 - 0x000007feff5ef000 	C:\Windows\system32\msvcrt.dll
0x000007fefdfd0000 - 0x000007fefe037000 	C:\Windows\system32\GDI32.dll
0x00000000776f0000 - 0x00000000777ea000 	C:\Windows\system32\USER32.dll
0x000007feff3b0000 - 0x000007feff3be000 	C:\Windows\system32\LPK.dll
0x000007feff460000 - 0x000007feff52a000 	C:\Windows\system32\USP10.dll
0x000007fefdf50000 - 0x000007fefdfc1000 	C:\Windows\system32\SHLWAPI.dll
0x000007fef4b90000 - 0x000007fef4ba9000 	D:\Desktop\eclipse-jee-2022-06-R-win32-x86_64\eclipse\plugins\org.eclipse.justj.openjdk.hotspot.jre.full.win32.x86_64_17.0.3.v20220515-1416\jre\bin\VCRUNTIME140.dll
0x000007fef5bd0000 - 0x000007fef5bd4000 	D:\Desktop\eclipse-jee-2022-06-R-win32-x86_64\eclipse\plugins\org.eclipse.justj.openjdk.hotspot.jre.full.win32.x86_64_17.0.3.v20220515-1416\jre\bin\api-ms-win-crt-runtime-l1-1-0.dll
0x000007fef4a90000 - 0x000007fef4b8a000 	D:\Desktop\eclipse-jee-2022-06-R-win32-x86_64\eclipse\plugins\org.eclipse.justj.openjdk.hotspot.jre.full.win32.x86_64_17.0.3.v20220515-1416\jre\bin\ucrtbase.DLL
0x000007fef5b90000 - 0x000007fef5b93000 	D:\Desktop\eclipse-jee-2022-06-R-win32-x86_64\eclipse\plugins\org.eclipse.justj.openjdk.hotspot.jre.full.win32.x86_64_17.0.3.v20220515-1416\jre\bin\api-ms-win-core-localization-l1-2-0.dll
0x000007fef5950000 - 0x000007fef5953000 	D:\Desktop\eclipse-jee-2022-06-R-win32-x86_64\eclipse\plugins\org.eclipse.justj.openjdk.hotspot.jre.full.win32.x86_64_17.0.3.v20220515-1416\jre\bin\api-ms-win-core-processthreads-l1-1-1.dll
0x000007fef5720000 - 0x000007fef5723000 	D:\Desktop\eclipse-jee-2022-06-R-win32-x86_64\eclipse\plugins\org.eclipse.justj.openjdk.hotspot.jre.full.win32.x86_64_17.0.3.v20220515-1416\jre\bin\api-ms-win-core-file-l1-2-0.dll
0x000007fef4a80000 - 0x000007fef4a83000 	D:\Desktop\eclipse-jee-2022-06-R-win32-x86_64\eclipse\plugins\org.eclipse.justj.openjdk.hotspot.jre.full.win32.x86_64_17.0.3.v20220515-1416\jre\bin\api-ms-win-core-timezone-l1-1-0.dll
0x000007fef4a70000 - 0x000007fef4a73000 	D:\Desktop\eclipse-jee-2022-06-R-win32-x86_64\eclipse\plugins\org.eclipse.justj.openjdk.hotspot.jre.full.win32.x86_64_17.0.3.v20220515-1416\jre\bin\api-ms-win-core-file-l2-1-0.dll
0x000007fef4a60000 - 0x000007fef4a63000 	D:\Desktop\eclipse-jee-2022-06-R-win32-x86_64\eclipse\plugins\org.eclipse.justj.openjdk.hotspot.jre.full.win32.x86_64_17.0.3.v20220515-1416\jre\bin\api-ms-win-core-synch-l1-2-0.dll
0x000007fef4a50000 - 0x000007fef4a53000 	D:\Desktop\eclipse-jee-2022-06-R-win32-x86_64\eclipse\plugins\org.eclipse.justj.openjdk.hotspot.jre.full.win32.x86_64_17.0.3.v20220515-1416\jre\bin\api-ms-win-crt-heap-l1-1-0.dll
0x000007fef4a40000 - 0x000007fef4a44000 	D:\Desktop\eclipse-jee-2022-06-R-win32-x86_64\eclipse\plugins\org.eclipse.justj.openjdk.hotspot.jre.full.win32.x86_64_17.0.3.v20220515-1416\jre\bin\api-ms-win-crt-string-l1-1-0.dll
0x000007fef4a30000 - 0x000007fef4a34000 	D:\Desktop\eclipse-jee-2022-06-R-win32-x86_64\eclipse\plugins\org.eclipse.justj.openjdk.hotspot.jre.full.win32.x86_64_17.0.3.v20220515-1416\jre\bin\api-ms-win-crt-stdio-l1-1-0.dll
0x000007fef4a20000 - 0x000007fef4a24000 	D:\Desktop\eclipse-jee-2022-06-R-win32-x86_64\eclipse\plugins\org.eclipse.justj.openjdk.hotspot.jre.full.win32.x86_64_17.0.3.v20220515-1416\jre\bin\api-ms-win-crt-convert-l1-1-0.dll
0x000007fef4a10000 - 0x000007fef4a13000 	D:\Desktop\eclipse-jee-2022-06-R-win32-x86_64\eclipse\plugins\org.eclipse.justj.openjdk.hotspot.jre.full.win32.x86_64_17.0.3.v20220515-1416\jre\bin\api-ms-win-crt-environment-l1-1-0.dll
0x000007fef4a00000 - 0x000007fef4a03000 	D:\Desktop\eclipse-jee-2022-06-R-win32-x86_64\eclipse\plugins\org.eclipse.justj.openjdk.hotspot.jre.full.win32.x86_64_17.0.3.v20220515-1416\jre\bin\api-ms-win-crt-filesystem-l1-1-0.dll
0x000007fef49f0000 - 0x000007fef49f5000 	D:\Desktop\eclipse-jee-2022-06-R-win32-x86_64\eclipse\plugins\org.eclipse.justj.openjdk.hotspot.jre.full.win32.x86_64_17.0.3.v20220515-1416\jre\bin\api-ms-win-crt-math-l1-1-0.dll
0x000007fef49e0000 - 0x000007fef49e3000 	D:\Desktop\eclipse-jee-2022-06-R-win32-x86_64\eclipse\plugins\org.eclipse.justj.openjdk.hotspot.jre.full.win32.x86_64_17.0.3.v20220515-1416\jre\bin\api-ms-win-crt-locale-l1-1-0.dll
0x000007feff380000 - 0x000007feff3ae000 	C:\Windows\system32\IMM32.DLL
0x000007fefde40000 - 0x000007fefdf49000 	C:\Windows\system32\MSCTF.dll
0x000007fefb980000 - 0x000007fefb98c000 	D:\Desktop\eclipse-jee-2022-06-R-win32-x86_64\eclipse\plugins\org.eclipse.justj.openjdk.hotspot.jre.full.win32.x86_64_17.0.3.v20220515-1416\jre\bin\vcruntime140_1.dll
0x000007fef4830000 - 0x000007fef48c1000 	D:\Desktop\eclipse-jee-2022-06-R-win32-x86_64\eclipse\plugins\org.eclipse.justj.openjdk.hotspot.jre.full.win32.x86_64_17.0.3.v20220515-1416\jre\bin\msvcp140.dll
0x000007fef49d0000 - 0x000007fef49d3000 	D:\Desktop\eclipse-jee-2022-06-R-win32-x86_64\eclipse\plugins\org.eclipse.justj.openjdk.hotspot.jre.full.win32.x86_64_17.0.3.v20220515-1416\jre\bin\api-ms-win-crt-time-l1-1-0.dll
0x000007fef49c0000 - 0x000007fef49c3000 	D:\Desktop\eclipse-jee-2022-06-R-win32-x86_64\eclipse\plugins\org.eclipse.justj.openjdk.hotspot.jre.full.win32.x86_64_17.0.3.v20220515-1416\jre\bin\api-ms-win-crt-utility-l1-1-0.dll
0x000007feb9590000 - 0x000007feba1d8000 	D:\Desktop\eclipse-jee-2022-06-R-win32-x86_64\eclipse\plugins\org.eclipse.justj.openjdk.hotspot.jre.full.win32.x86_64_17.0.3.v20220515-1416\jre\bin\server\jvm.dll
0x000007feffa20000 - 0x000007feffafb000 	C:\Windows\system32\ADVAPI32.dll
0x000007feff530000 - 0x000007feff54f000 	C:\Windows\SYSTEM32\sechost.dll
0x000007fefd8a0000 - 0x000007fefd9cd000 	C:\Windows\system32\RPCRT4.dll
0x000007fef9790000 - 0x000007fef9799000 	C:\Windows\system32\WSOCK32.dll
0x000007feff5f0000 - 0x000007feff63d000 	C:\Windows\system32\WS2_32.dll
0x000007feff640000 - 0x000007feff648000 	C:\Windows\system32\NSI.dll
0x000007fefa300000 - 0x000007fefa33b000 	C:\Windows\system32\WINMM.dll
0x000007fefc740000 - 0x000007fefc74c000 	C:\Windows\system32\VERSION.dll
0x00000000779b0000 - 0x00000000779b7000 	C:\Windows\system32\PSAPI.DLL
0x000007fefb970000 - 0x000007fefb97a000 	D:\Desktop\eclipse-jee-2022-06-R-win32-x86_64\eclipse\plugins\org.eclipse.justj.openjdk.hotspot.jre.full.win32.x86_64_17.0.3.v20220515-1416\jre\bin\jimage.dll
0x000007fefa000000 - 0x000007fefa125000 	C:\Windows\system32\DBGHELP.DLL
0x000007fef5960000 - 0x000007fef5985000 	D:\Desktop\eclipse-jee-2022-06-R-win32-x86_64\eclipse\plugins\org.eclipse.justj.openjdk.hotspot.jre.full.win32.x86_64_17.0.3.v20220515-1416\jre\bin\java.dll
0x000007fef5c30000 - 0x000007fef5c48000 	D:\Desktop\eclipse-jee-2022-06-R-win32-x86_64\eclipse\plugins\org.eclipse.justj.openjdk.hotspot.jre.full.win32.x86_64_17.0.3.v20220515-1416\jre\bin\zip.dll
0x000007fefe5f0000 - 0x000007feff37a000 	C:\Windows\system32\SHELL32.dll
0x000007fefe3f0000 - 0x000007fefe5ec000 	C:\Windows\system32\ole32.dll
0x000007fefd4e0000 - 0x000007fefd4ef000 	C:\Windows\system32\profapi.dll
0x000007fef58f0000 - 0x000007fef5909000 	D:\Desktop\eclipse-jee-2022-06-R-win32-x86_64\eclipse\plugins\org.eclipse.justj.openjdk.hotspot.jre.full.win32.x86_64_17.0.3.v20220515-1416\jre\bin\net.dll
0x000007fef7a40000 - 0x000007fef7ab1000 	C:\Windows\system32\WINHTTP.dll
0x000007fef79d0000 - 0x000007fef7a35000 	C:\Windows\system32\webio.dll
0x000007fefcc70000 - 0x000007fefccc5000 	C:\Windows\system32\mswsock.dll
0x000007fefcc60000 - 0x000007fefcc67000 	C:\Windows\System32\wship6.dll
0x000007fef56a0000 - 0x000007fef56b5000 	D:\Desktop\eclipse-jee-2022-06-R-win32-x86_64\eclipse\plugins\org.eclipse.justj.openjdk.hotspot.jre.full.win32.x86_64_17.0.3.v20220515-1416\jre\bin\nio.dll
0x000007fecbae0000 - 0x000007fecbc6e000 	D:\Desktop\eclipse-jee-2022-06-R-win32-x86_64\eclipse\plugins\org.eclipse.justj.openjdk.hotspot.jre.full.win32.x86_64_17.0.3.v20220515-1416\jre\bin\awt.dll
0x000007fefe040000 - 0x000007fefe11a000 	C:\Windows\system32\OLEAUT32.dll
0x000007fefb580000 - 0x000007fefb5d6000 	C:\Windows\system32\uxtheme.dll
0x000007fefd2e0000 - 0x000007fefd337000 	C:\Windows\system32\apphelp.dll
0x000007fee6670000 - 0x000007fee66e5000 	C:\Windows\system32\IMKR14.IME
0x0000000070a00000 - 0x0000000070a9d000 	C:\Windows\WinSxS\amd64_microsoft.vc90.crt_1fc8b3b9a1e18e3b_9.0.30729.4940_none_08e4299fa83d7e3c\MSVCR90.dll
0x0000000070920000 - 0x00000000709f3000 	C:\Windows\WinSxS\amd64_microsoft.vc90.crt_1fc8b3b9a1e18e3b_9.0.30729.4940_none_08e4299fa83d7e3c\MSVCP90.dll
0x000007fefb1b0000 - 0x000007fefb1c8000 	C:\Windows\system32\dwmapi.dll
0x000007fefd380000 - 0x000007fefd38f000 	C:\Windows\system32\CRYPTBASE.dll
0x000007fecba50000 - 0x000007fecbad9000 	D:\Desktop\eclipse-jee-2022-06-R-win32-x86_64\eclipse\plugins\org.eclipse.justj.openjdk.hotspot.jre.full.win32.x86_64_17.0.3.v20220515-1416\jre\bin\freetype.dll
0x000007fecb060000 - 0x000007fecb108000 	D:\Desktop\eclipse-jee-2022-06-R-win32-x86_64\eclipse\plugins\org.eclipse.justj.openjdk.hotspot.jre.full.win32.x86_64_17.0.3.v20220515-1416\jre\bin\fontmanager.dll
0x000007fed1fa0000 - 0x000007fed20bd000 	C:\Windows\system32\opengl32.dll
0x000007fed1f20000 - 0x000007fed1f4d000 	C:\Windows\system32\GLU32.dll
0x000007fed1db0000 - 0x000007fed1ea1000 	C:\Windows\system32\DDRAW.dll
0x000007fed1da0000 - 0x000007fed1da8000 	C:\Windows\system32\DCIMAN32.dll
0x000007fefdc60000 - 0x000007fefde37000 	C:\Windows\system32\SETUPAPI.dll
0x000007fefd500000 - 0x000007fefd536000 	C:\Windows\system32\CFGMGR32.dll
0x000007fefd5b0000 - 0x000007fefd5ca000 	C:\Windows\system32\DEVOBJ.dll
0x000007fef3050000 - 0x000007fef324f000 	C:\Windows\system32\d3d9.dll
0x000007fef3040000 - 0x000007fef3047000 	C:\Windows\system32\d3d8thk.dll
0x000007feb4a30000 - 0x000007feb5ddb000 	C:\Windows\system32\nvd3dumx.dll
0x000007fefbb10000 - 0x000007fefbb3c000 	C:\Windows\system32\powrprof.dll
0x000007fed2c40000 - 0x000007fed2d04000 	C:\Program Files (x86)\NVIDIA Corporation\3D Vision\nvSCPAPI64.dll
0x000007fefd5d0000 - 0x000007fefd73d000 	C:\Windows\system32\crypt32.dll
0x000007fefd4f0000 - 0x000007fefd4ff000 	C:\Windows\system32\MSASN1.dll
0x000007fefd7f0000 - 0x000007fefd82b000 	C:\Windows\system32\WINTRUST.DLL
0x000007fefdbe0000 - 0x000007fefdbf9000 	C:\Windows\system32\imagehlp.dll
0x000007fefccd0000 - 0x000007fefcce8000 	C:\Windows\system32\CRYPTSP.dll
0x000007fefc9d0000 - 0x000007fefca17000 	C:\Windows\system32\rsaenh.dll
0x000007fefce50000 - 0x000007fefcea0000 	C:\Windows\system32\ncrypt.dll
0x000007fefce20000 - 0x000007fefce42000 	C:\Windows\system32\bcrypt.dll
0x000007fefc910000 - 0x000007fefc95c000 	C:\Windows\system32\bcryptprimitives.dll
0x000007fefd860000 - 0x000007fefd87f000 	C:\Windows\system32\USERENV.dll
0x000007fefc790000 - 0x000007fefc7ab000 	C:\Windows\system32\GPAPI.dll
0x000007fef0d10000 - 0x000007fef0d37000 	C:\Windows\system32\cryptnet.dll
0x000007fefdc00000 - 0x000007fefdc52000 	C:\Windows\system32\WLDAP32.dll
0x000007fefb920000 - 0x000007fefb929000 	D:\Desktop\eclipse-jee-2022-06-R-win32-x86_64\eclipse\plugins\org.eclipse.justj.openjdk.hotspot.jre.full.win32.x86_64_17.0.3.v20220515-1416\jre\bin\management.dll
0x000007fef5bc0000 - 0x000007fef5bcb000 	D:\Desktop\eclipse-jee-2022-06-R-win32-x86_64\eclipse\plugins\org.eclipse.justj.openjdk.hotspot.jre.full.win32.x86_64_17.0.3.v20220515-1416\jre\bin\management_ext.dll
0x000007fef9940000 - 0x000007fef9967000 	C:\Windows\system32\IPHLPAPI.DLL
0x000007fef9930000 - 0x000007fef993b000 	C:\Windows\system32\WINNSI.DLL
0x000007fef97c0000 - 0x000007fef97d1000 	C:\Windows\system32\dhcpcsvc6.DLL
0x000007fef97a0000 - 0x000007fef97b8000 	C:\Windows\system32\dhcpcsvc.DLL
0x000007fefc150000 - 0x000007fefc157000 	C:\Windows\System32\wshtcpip.dll
0x000007fefcaf0000 - 0x000007fefcb4b000 	C:\Windows\system32\DNSAPI.dll
0x0000000073a00000 - 0x0000000073a26000 	C:\Program Files\Bonjour\mdnsNSP.dll
0x000007fef2880000 - 0x000007fef2888000 	C:\Windows\system32\rasadhlp.dll
0x000007fef97f0000 - 0x000007fef9843000 	C:\Windows\System32\fwpuclnt.dll
0x000007fefb960000 - 0x000007fefb96e000 	D:\Desktop\eclipse-jee-2022-06-R-win32-x86_64\eclipse\plugins\org.eclipse.justj.openjdk.hotspot.jre.full.win32.x86_64_17.0.3.v20220515-1416\jre\bin\sunmscapi.dll
0x000007fef9bc0000 - 0x000007fef9bd5000 	C:\Windows\system32\NLAapi.dll
0x000007fef3850000 - 0x000007fef3865000 	C:\Windows\system32\napinsp.dll
0x000007fef3830000 - 0x000007fef3849000 	C:\Windows\system32\pnrpnsp.dll
0x000007fef3820000 - 0x000007fef382b000 	C:\Windows\System32\winrnr.dll

dbghelp: loaded successfully - version: 4.0.5 - missing functions: none
symbol engine: initialized successfully - sym options: 0x614 - pdb path: .;D:\Desktop\eclipse-jee-2022-06-R-win32-x86_64\eclipse\plugins\org.eclipse.justj.openjdk.hotspot.jre.full.win32.x86_64_17.0.3.v20220515-1416\jre\bin;C:\Windows\SYSTEM32;C:\Windows\WinSxS\amd64_microsoft.windows.common-controls_6595b64144ccf1df_6.0.7601.23403_none_e36ad4593102f066;D:\Desktop\eclipse-jee-2022-06-R-win32-x86_64\eclipse\plugins\org.eclipse.justj.openjdk.hotspot.jre.full.win32.x86_64_17.0.3.v20220515-1416\jre\bin\server;C:\Windows\WinSxS\amd64_microsoft.vc90.crt_1fc8b3b9a1e18e3b_9.0.30729.4940_none_08e4299fa83d7e3c;C:\Program Files (x86)\NVIDIA Corporation\3D Vision;C:\Program Files\Bonjour

VM Arguments:
jvm_args: -Dfile.encoding=UTF-8 --module-path=D:\Desktop\project\project_kiosk\src\ojdbc8.jar -XX:+ShowCodeDetailsInExceptionMessages 
java_command: com.team2.kiosk.OrderClient
java_class_path (initial): D:\Desktop\project\project_kiosk;D:\Desktop\project\project_kiosk\src\flatlaf-2.3.jar
Launcher Type: SUN_STANDARD

[Global flags]
     intx CICompilerCount                          = 4                                         {product} {ergonomic}
     uint ConcGCThreads                            = 2                                         {product} {ergonomic}
     uint G1ConcRefinementThreads                  = 8                                         {product} {ergonomic}
   size_t G1HeapRegionSize                         = 1048576                                   {product} {ergonomic}
    uintx GCDrainStackTargetSize                   = 64                                        {product} {ergonomic}
   size_t InitialHeapSize                          = 67108864                                  {product} {ergonomic}
   size_t MarkStackSize                            = 4194304                                   {product} {ergonomic}
   size_t MaxHeapSize                              = 1063256064                                {product} {ergonomic}
   size_t MaxNewSize                               = 637534208                                 {product} {ergonomic}
   size_t MinHeapDeltaBytes                        = 1048576                                   {product} {ergonomic}
   size_t MinHeapSize                              = 8388608                                   {product} {ergonomic}
    uintx NonNMethodCodeHeapSize                   = 5839372                                {pd product} {ergonomic}
    uintx NonProfiledCodeHeapSize                  = 122909434                              {pd product} {ergonomic}
    uintx ProfiledCodeHeapSize                     = 122909434                              {pd product} {ergonomic}
    uintx ReservedCodeCacheSize                    = 251658240                              {pd product} {ergonomic}
     bool SegmentedCodeCache                       = true                                      {product} {ergonomic}
     bool ShowCodeDetailsInExceptionMessages       = true                                   {manageable} {command line}
   size_t SoftMaxHeapSize                          = 1063256064                             {manageable} {ergonomic}
     bool UseCompressedClassPointers               = true                           {product lp64_product} {ergonomic}
     bool UseCompressedOops                        = true                           {product lp64_product} {ergonomic}
     bool UseG1GC                                  = true                                      {product} {ergonomic}
     bool UseLargePagesIndividualAllocation        = false                                  {pd product} {ergonomic}

Logging:
Log output configuration:
 #0: stdout all=warning uptime,level,tags
 #1: stderr all=off uptime,level,tags

Environment Variables:
JAVA_HOME=C:\Program Files\Java\jdk1.8.0_202
CLASSPATH=.;d:\Desktop\ojdbc8
PATH=d:/Desktop/eclipse-jee-2022-06-R-win32-x86_64/eclipse//plugins/org.eclipse.justj.openjdk.hotspot.jre.full.win32.x86_64_17.0.3.v20220515-1416/jre/bin/server;d:/Desktop/eclipse-jee-2022-06-R-win32-x86_64/eclipse//plugins/org.eclipse.justj.openjdk.hotspot.jre.full.win32.x86_64_17.0.3.v20220515-1416/jre/bin;D:\ora\product\12.2.0\dbhome_1\bin;C:\Program Files\Java\jdk1.8.0_202\bin;D:\Desktop\project\Git\cmd;d:\Desktop\eclipse-jee-2022-06-R-win32-x86_64\eclipse;
USERNAME=USER-
OS=Windows_NT
PROCESSOR_IDENTIFIER=AMD64 Family 21 Model 2 Stepping 0, AuthenticAMD



---------------  S Y S T E M  ---------------

OS:
 Windows 7 , 64 bit Build 7601 (6.1.7601.23714)
OS uptime: 0 days 3:44 hours

CPU: total 8 (initial active 8) (8 cores per cpu, 1 threads per core) family 21 model 2 stepping 0 microcode 0x0, cx8, cmov, fxsr, mmx, 3dnowpref, sse, sse2, sse3, ssse3, sse4a, sse4.1, sse4.2, popcnt, lzcnt, tsc, tscinvbit, avx, aes, clmul, bmi1, fma, vzeroupper, clflush

Memory: 4k page, system-wide physical 4052M (10M free)
TotalPageFile size 16209M (AvailPageFile size 14M)
current process WorkingSet (physical memory assigned to process): 166M, peak: 166M
current process commit charge ("private bytes"): 218M, peak: 232M

vm_info: OpenJDK 64-Bit Server VM (17.0.3+7) for windows-amd64 JRE (17.0.3+7), built on Apr 19 2022 16:55:35 by "" with MS VC++ 16.7 (VS2019)

END.
